2014-11-09 20:03:10,390 __main__      97 INFO     Parse the URL : http://www.topit.me/?p=2 
2014-11-09 20:03:10,515 requests.packages.urllib3.connectionpool 188 INFO     Starting new HTTP connection (1): www.topit.me
2014-11-09 20:03:10,640 __main__      97 INFO     Parse the URL : http://www.topit.me/?p=1 
2014-11-09 20:03:10,687 requests.packages.urllib3.connectionpool 188 INFO     Starting new HTTP connection (1): www.topit.me
2014-11-09 20:03:10,687 __main__      97 INFO     Parse the URL : http://www.topit.me/?p=0 
2014-11-09 20:03:10,687 requests.packages.urllib3.connectionpool 188 INFO     Starting new HTTP connection (1): www.topit.me
2014-11-09 20:03:10,812 requests.packages.urllib3.connectionpool 188 INFO     Starting new HTTP connection (1): www.topit.me
2014-11-09 20:03:10,858 requests.packages.urllib3.connectionpool 188 INFO     Starting new HTTP connection (1): www.topit.me
2014-11-09 20:03:10,953 requests.packages.urllib3.connectionpool 188 INFO     Starting new HTTP connection (1): www.topit.me
2014-11-09 20:03:10,983 requests.packages.urllib3.connectionpool 188 INFO     Starting new HTTP connection (1): www.topit.me
2014-11-09 20:03:11,092 requests.packages.urllib3.connectionpool 188 INFO     Starting new HTTP connection (1): www.topit.me
2014-11-09 20:03:11,233 requests.packages.urllib3.connectionpool 188 INFO     Starting new HTTP connection (1): www.topit.me
2014-11-09 20:03:11,342 requests.packages.urllib3.connectionpool 188 INFO     Starting new HTTP connection (1): www.topit.me
2014-11-09 20:03:11,515 requests.packages.urllib3.connectionpool 188 INFO     Starting new HTTP connection (1): www.topit.me
2014-11-09 20:03:11,687 requests.packages.urllib3.connectionpool 188 INFO     Starting new HTTP connection (1): www.topit.me
2014-11-09 20:03:11,858 requests.packages.urllib3.connectionpool 188 INFO     Starting new HTTP connection (1): www.topit.me
2014-11-09 20:03:11,875 requests.packages.urllib3.connectionpool 188 INFO     Starting new HTTP connection (1): www.topit.me
2014-11-09 20:03:12,000 requests.packages.urllib3.connectionpool 188 INFO     Starting new HTTP connection (1): www.topit.me
2014-11-09 20:03:12,015 requests.packages.urllib3.connectionpool 188 INFO     Starting new HTTP connection (1): www.topit.me
2014-11-09 20:03:12,171 requests.packages.urllib3.connectionpool 188 INFO     Starting new HTTP connection (1): www.topit.me
2014-11-09 20:03:12,217 requests.packages.urllib3.connectionpool 188 INFO     Starting new HTTP connection (1): www.topit.me
2014-11-09 20:03:12,358 requests.packages.urllib3.connectionpool 188 INFO     Starting new HTTP connection (1): www.topit.me
2014-11-09 20:03:12,405 requests.packages.urllib3.connectionpool 188 INFO     Starting new HTTP connection (1): www.topit.me
2014-11-09 20:03:12,562 requests.packages.urllib3.connectionpool 188 INFO     Starting new HTTP connection (1): www.topit.me
2014-11-09 20:03:12,608 requests.packages.urllib3.connectionpool 188 INFO     Starting new HTTP connection (1): www.topit.me
2014-11-09 20:03:12,750 requests.packages.urllib3.connectionpool 188 INFO     Starting new HTTP connection (1): www.topit.me
2014-11-09 20:03:12,796 requests.packages.urllib3.connectionpool 188 INFO     Starting new HTTP connection (1): www.topit.me
2014-11-09 20:03:12,967 requests.packages.urllib3.connectionpool 188 INFO     Starting new HTTP connection (1): www.topit.me
2014-11-09 20:03:13,125 requests.packages.urllib3.connectionpool 188 INFO     Starting new HTTP connection (1): www.topit.me
2014-11-09 20:03:13,296 requests.packages.urllib3.connectionpool 188 INFO     Starting new HTTP connection (1): www.topit.me
2014-11-09 20:03:13,467 requests.packages.urllib3.connectionpool 188 INFO     Starting new HTTP connection (1): www.topit.me
2014-11-09 20:03:13,625 requests.packages.urllib3.connectionpool 188 INFO     Starting new HTTP connection (1): www.topit.me
2014-11-09 20:03:13,655 requests.packages.urllib3.connectionpool 188 INFO     Starting new HTTP connection (1): www.topit.me
2014-11-09 20:03:13,828 requests.packages.urllib3.connectionpool 188 INFO     Starting new HTTP connection (1): www.topit.me
2014-11-09 20:03:14,000 requests.packages.urllib3.connectionpool 188 INFO     Starting new HTTP connection (1): www.topit.me
2014-11-09 20:03:14,171 requests.packages.urllib3.connectionpool 188 INFO     Starting new HTTP connection (1): www.topit.me
2014-11-09 20:03:14,592 requests.packages.urllib3.connectionpool 188 INFO     Starting new HTTP connection (1): www.topit.me
2014-11-09 20:03:14,765 requests.packages.urllib3.connectionpool 188 INFO     Starting new HTTP connection (1): www.topit.me
2014-11-09 20:03:14,921 requests.packages.urllib3.connectionpool 188 INFO     Starting new HTTP connection (1): www.topit.me
2014-11-09 20:03:15,092 requests.packages.urllib3.connectionpool 188 INFO     Starting new HTTP connection (1): www.topit.me
2014-11-09 20:03:15,983 requests.packages.urllib3.connectionpool 188 INFO     Starting new HTTP connection (1): www.topit.me
2014-11-09 20:03:16,203 requests.packages.urllib3.connectionpool 188 INFO     Starting new HTTP connection (1): www.topit.me
2014-11-09 20:03:16,358 requests.packages.urllib3.connectionpool 188 INFO     Starting new HTTP connection (1): www.topit.me
2014-11-09 20:03:16,530 requests.packages.urllib3.connectionpool 188 INFO     Starting new HTTP connection (1): www.topit.me
2014-11-09 20:03:16,687 requests.packages.urllib3.connectionpool 188 INFO     Starting new HTTP connection (1): www.topit.me
2014-11-09 20:03:16,842 requests.packages.urllib3.connectionpool 188 INFO     Starting new HTTP connection (1): www.topit.me
2014-11-09 20:03:17,000 requests.packages.urllib3.connectionpool 188 INFO     Starting new HTTP connection (1): www.topit.me
2014-11-09 20:03:17,046 requests.packages.urllib3.connectionpool 188 INFO     Starting new HTTP connection (1): www.topit.me
2014-11-09 20:03:17,203 requests.packages.urllib3.connectionpool 188 INFO     Starting new HTTP connection (1): www.topit.me
2014-11-09 20:03:17,233 requests.packages.urllib3.connectionpool 188 INFO     Starting new HTTP connection (1): www.topit.me
2014-11-09 20:03:17,828 requests.packages.urllib3.connectionpool 188 INFO     Starting new HTTP connection (1): www.topit.me
2014-11-09 20:03:18,000 requests.packages.urllib3.connectionpool 188 INFO     Starting new HTTP connection (1): www.topit.me
2014-11-09 20:03:18,046 requests.packages.urllib3.connectionpool 188 INFO     Starting new HTTP connection (1): www.topit.me
2014-11-09 20:03:18,217 requests.packages.urllib3.connectionpool 188 INFO     Starting new HTTP connection (1): www.topit.me
2014-11-09 20:03:18,250 requests.packages.urllib3.connectionpool 188 INFO     Starting new HTTP connection (1): www.topit.me
2014-11-09 20:03:18,421 requests.packages.urllib3.connectionpool 188 INFO     Starting new HTTP connection (1): www.topit.me
2014-11-09 20:03:18,453 requests.packages.urllib3.connectionpool 188 INFO     Starting new HTTP connection (1): i11.topit.me
2014-11-09 20:03:18,546 __main__      63 INFO     Spidered 0 pictures success
2014-11-09 20:03:18,578 requests.packages.urllib3.connectionpool 188 INFO     Starting new HTTP connection (1): i11.topit.me
2014-11-09 20:03:18,703 requests.packages.urllib3.connectionpool 188 INFO     Starting new HTTP connection (1): www.topit.me
2014-11-09 20:03:19,530 requests.packages.urllib3.connectionpool 188 INFO     Starting new HTTP connection (1): www.topit.me
2014-11-09 20:03:20,703 requests.packages.urllib3.connectionpool 188 INFO     Starting new HTTP connection (1): f6.topit.me
2014-11-09 20:03:20,733 requests.packages.urllib3.connectionpool 188 INFO     Starting new HTTP connection (1): i2.topit.me
2014-11-09 20:03:20,765 requests.packages.urllib3.connectionpool 188 INFO     Starting new HTTP connection (1): i11.topit.me
2014-11-09 20:03:20,796 requests.packages.urllib3.connectionpool 188 INFO     Starting new HTTP connection (1): f5.topit.me
2014-11-09 20:03:20,828 requests.packages.urllib3.connectionpool 188 INFO     Starting new HTTP connection (1): ff.topit.me
2014-11-09 20:03:20,858 requests.packages.urllib3.connectionpool 188 INFO     Starting new HTTP connection (1): i11.topit.me
2014-11-09 20:03:20,890 requests.packages.urllib3.connectionpool 188 INFO     Starting new HTTP connection (1): id.topit.me
2014-11-09 20:03:21,140 requests.packages.urllib3.connectionpool 188 INFO     Starting new HTTP connection (1): www.topit.me
2014-11-09 20:03:21,405 __main__      63 INFO     Spidered 1 pictures success
2014-11-09 20:03:21,437 requests.packages.urllib3.connectionpool 188 INFO     Starting new HTTP connection (1): f12.topit.me
2014-11-09 20:03:22,030 requests.packages.urllib3.connectionpool 188 INFO     Starting new HTTP connection (1): www.topit.me
2014-11-09 20:03:22,092 __main__      63 INFO     Spidered 2 pictures success
2014-11-09 20:03:22,125 requests.packages.urllib3.connectionpool 188 INFO     Starting new HTTP connection (1): i11.topit.me
2014-11-09 20:03:22,187 requests.packages.urllib3.connectionpool 188 INFO     Starting new HTTP connection (1): www.topit.me
2014-11-09 20:03:22,280 __main__      63 INFO     Spidered 3 pictures success
2014-11-09 20:03:22,358 requests.packages.urllib3.connectionpool 188 INFO     Starting new HTTP connection (1): i11.topit.me
2014-11-09 20:03:22,437 __main__      63 INFO     Spidered 4 pictures success
2014-11-09 20:03:22,515 requests.packages.urllib3.connectionpool 188 INFO     Starting new HTTP connection (1): i11.topit.me
2014-11-09 20:03:22,546 __main__      63 INFO     Spidered 5 pictures success
2014-11-09 20:03:22,578 requests.packages.urllib3.connectionpool 188 INFO     Starting new HTTP connection (1): f12.topit.me
2014-11-09 20:03:22,703 requests.packages.urllib3.connectionpool 188 INFO     Starting new HTTP connection (1): www.topit.me
2014-11-09 20:03:22,828 __main__      63 INFO     Spidered 6 pictures success
2014-11-09 20:03:22,858 requests.packages.urllib3.connectionpool 188 INFO     Starting new HTTP connection (1): i11.topit.me
2014-11-09 20:03:22,890 requests.packages.urllib3.connectionpool 188 INFO     Starting new HTTP connection (1): www.topit.me
2014-11-09 20:03:23,046 __main__      63 INFO     Spidered 7 pictures success
2014-11-09 20:03:23,078 requests.packages.urllib3.connectionpool 188 INFO     Starting new HTTP connection (1): i11.topit.me
2014-11-09 20:03:23,108 requests.packages.urllib3.connectionpool 188 INFO     Starting new HTTP connection (1): www.topit.me
2014-11-09 20:03:23,140 __main__      63 INFO     Spidered 8 pictures success
2014-11-09 20:03:23,155 requests.packages.urllib3.connectionpool 188 INFO     Starting new HTTP connection (1): i11.topit.me
2014-11-09 20:03:23,328 requests.packages.urllib3.connectionpool 188 INFO     Starting new HTTP connection (1): www.topit.me
2014-11-09 20:03:23,390 __main__      63 INFO     Spidered 9 pictures success
2014-11-09 20:03:23,421 requests.packages.urllib3.connectionpool 188 INFO     Starting new HTTP connection (1): i11.topit.me
2014-11-09 20:03:23,453 __main__      63 INFO     Spidered 10 pictures success
2014-11-09 20:03:23,467 requests.packages.urllib3.connectionpool 188 INFO     Starting new HTTP connection (1): f11.topit.me
2014-11-09 20:03:23,500 __main__      63 INFO     Spidered 11 pictures success
2014-11-09 20:03:23,530 requests.packages.urllib3.connectionpool 188 INFO     Starting new HTTP connection (1): i11.topit.me
2014-11-09 20:03:23,562 __main__      63 INFO     Spidered 12 pictures success
2014-11-09 20:03:23,592 requests.packages.urllib3.connectionpool 188 INFO     Starting new HTTP connection (1): f6.topit.me
2014-11-09 20:03:23,608 __main__      63 INFO     Spidered 13 pictures success
2014-11-09 20:03:23,640 requests.packages.urllib3.connectionpool 188 INFO     Starting new HTTP connection (1): i2.topit.me
2014-11-09 20:03:23,671 requests.packages.urllib3.connectionpool 188 INFO     Starting new HTTP connection (1): i11.topit.me
2014-11-09 20:03:23,687 __main__      63 INFO     Spidered 14 pictures success
2014-11-09 20:03:23,717 requests.packages.urllib3.connectionpool 188 INFO     Starting new HTTP connection (1): i11.topit.me
2014-11-09 20:03:23,750 __main__      63 INFO     Spidered 15 pictures success
2014-11-09 20:03:23,765 requests.packages.urllib3.connectionpool 188 INFO     Starting new HTTP connection (1): f5.topit.me
2014-11-09 20:03:23,796 __main__      63 INFO     Spidered 16 pictures success
2014-11-09 20:03:23,828 requests.packages.urllib3.connectionpool 188 INFO     Starting new HTTP connection (1): ff.topit.me
2014-11-09 20:03:24,217 __main__      63 INFO     Spidered 17 pictures success
2014-11-09 20:03:24,233 requests.packages.urllib3.connectionpool 188 INFO     Starting new HTTP connection (1): id.topit.me
2014-11-09 20:03:24,390 __main__      63 INFO     Spidered 18 pictures success
2014-11-09 20:03:24,421 requests.packages.urllib3.connectionpool 188 INFO     Starting new HTTP connection (1): i5.topit.me
2014-11-09 20:03:24,467 __main__      63 INFO     Spidered 19 pictures success
2014-11-09 20:03:24,500 requests.packages.urllib3.connectionpool 188 INFO     Starting new HTTP connection (1): i11.topit.me
2014-11-09 20:03:24,530 __main__      63 INFO     Spidered 20 pictures success
2014-11-09 20:03:24,546 requests.packages.urllib3.connectionpool 188 INFO     Starting new HTTP connection (1): f11.topit.me
2014-11-09 20:03:24,812 __main__      63 INFO     Spidered 21 pictures success
2014-11-09 20:03:24,828 requests.packages.urllib3.connectionpool 188 INFO     Starting new HTTP connection (1): f11.topit.me
2014-11-09 20:03:24,875 __main__      63 INFO     Spidered 22 pictures success
2014-11-09 20:03:24,905 requests.packages.urllib3.connectionpool 188 INFO     Starting new HTTP connection (1): i5.topit.me
2014-11-09 20:03:25,062 __main__      63 INFO     Spidered 23 pictures success
2014-11-09 20:03:25,092 requests.packages.urllib3.connectionpool 188 INFO     Starting new HTTP connection (1): i11.topit.me
2014-11-09 20:03:25,233 __main__      63 INFO     Spidered 24 pictures success
2014-11-09 20:03:25,265 requests.packages.urllib3.connectionpool 188 INFO     Starting new HTTP connection (1): f11.topit.me
2014-11-09 20:03:25,358 __main__      63 INFO     Spidered 25 pictures success
2014-11-09 20:03:25,421 requests.packages.urllib3.connectionpool 188 INFO     Starting new HTTP connection (1): i11.topit.me
2014-11-09 20:03:25,467 requests.packages.urllib3.connectionpool 188 INFO     Starting new HTTP connection (1): www.topit.me
2014-11-09 20:03:25,562 __main__      63 INFO     Spidered 26 pictures success
2014-11-09 20:03:25,640 requests.packages.urllib3.connectionpool 188 INFO     Starting new HTTP connection (1): i11.topit.me
2014-11-09 20:03:25,671 requests.packages.urllib3.connectionpool 188 INFO     Starting new HTTP connection (1): f12.topit.me
2014-11-09 20:03:25,953 __main__      63 INFO     Spidered 27 pictures success
2014-11-09 20:03:25,967 requests.packages.urllib3.connectionpool 188 INFO     Starting new HTTP connection (1): f11.topit.me
2014-11-09 20:03:26,000 __main__      63 INFO     Spidered 28 pictures success
2014-11-09 20:03:26,030 requests.packages.urllib3.connectionpool 188 INFO     Starting new HTTP connection (1): i11.topit.me
2014-11-09 20:03:26,125 __main__      63 INFO     Spidered 29 pictures success
2014-11-09 20:03:26,187 requests.packages.urllib3.connectionpool 188 INFO     Starting new HTTP connection (1): i11.topit.me
2014-11-09 20:03:26,312 __main__      63 INFO     Spidered 30 pictures success
2014-11-09 20:03:26,342 requests.packages.urllib3.connectionpool 188 INFO     Starting new HTTP connection (1): f11.topit.me
2014-11-09 20:03:26,375 __main__      63 INFO     Spidered 31 pictures success
2014-11-09 20:03:26,405 requests.packages.urllib3.connectionpool 188 INFO     Starting new HTTP connection (1): i10.topit.me
2014-11-09 20:03:26,546 __main__      63 INFO     Spidered 32 pictures success
2014-11-09 20:03:26,562 requests.packages.urllib3.connectionpool 188 INFO     Starting new HTTP connection (1): i11.topit.me
2014-11-09 20:03:26,733 __main__      63 INFO     Spidered 33 pictures success
2014-11-09 20:03:26,750 requests.packages.urllib3.connectionpool 188 INFO     Starting new HTTP connection (1): i11.topit.me
2014-11-09 20:03:26,953 __main__      63 INFO     Spidered 34 pictures success
2014-11-09 20:03:27,015 requests.packages.urllib3.connectionpool 188 INFO     Starting new HTTP connection (1): i11.topit.me
2014-11-09 20:03:27,155 __main__      63 INFO     Spidered 35 pictures success
2014-11-09 20:03:27,171 requests.packages.urllib3.connectionpool 188 INFO     Starting new HTTP connection (1): i11.topit.me
2014-11-09 20:03:27,390 __main__      63 INFO     Spidered 36 pictures success
2014-11-09 20:03:27,453 requests.packages.urllib3.connectionpool 188 INFO     Starting new HTTP connection (1): f12.topit.me
2014-11-09 20:03:27,937 __main__      63 INFO     Spidered 37 pictures success
2014-11-09 20:03:27,953 requests.packages.urllib3.connectionpool 188 INFO     Starting new HTTP connection (1): f1.topit.me
2014-11-09 20:03:27,983 __main__      63 INFO     Spidered 38 pictures success
2014-11-09 20:03:28,015 requests.packages.urllib3.connectionpool 188 INFO     Starting new HTTP connection (1): f11.topit.me
2014-11-09 20:03:28,265 __main__      63 INFO     Spidered 39 pictures success
2014-11-09 20:03:28,296 requests.packages.urllib3.connectionpool 188 INFO     Starting new HTTP connection (1): i11.topit.me
2014-11-09 20:03:28,312 __main__      63 INFO     Spidered 40 pictures success
2014-11-09 20:03:28,342 requests.packages.urllib3.connectionpool 188 INFO     Starting new HTTP connection (1): ff.topit.me
2014-11-09 20:03:28,437 __main__      63 INFO     Spidered 41 pictures success
2014-11-09 20:03:28,500 requests.packages.urllib3.connectionpool 188 INFO     Starting new HTTP connection (1): f11.topit.me
2014-11-09 20:03:28,592 __main__      63 INFO     Spidered 42 pictures success
2014-11-09 20:03:28,655 requests.packages.urllib3.connectionpool 188 INFO     Starting new HTTP connection (1): i11.topit.me
2014-11-09 20:03:28,828 __main__      63 INFO     Spidered 43 pictures success
2014-11-09 20:03:28,921 requests.packages.urllib3.connectionpool 188 INFO     Starting new HTTP connection (1): f11.topit.me
2014-11-09 20:03:28,967 __main__      63 INFO     Spidered 44 pictures success
2014-11-09 20:03:28,983 requests.packages.urllib3.connectionpool 188 INFO     Starting new HTTP connection (1): i11.topit.me
2014-11-09 20:03:29,030 __main__      63 INFO     Spidered 45 pictures success
2014-11-09 20:03:29,062 requests.packages.urllib3.connectionpool 188 INFO     Starting new HTTP connection (1): i11.topit.me
2014-11-09 20:03:29,140 __main__      63 INFO     Spidered 46 pictures success
2014-11-09 20:03:29,217 requests.packages.urllib3.connectionpool 188 INFO     Starting new HTTP connection (1): f1.topit.me
2014-11-09 20:03:29,342 __main__      63 INFO     Spidered 47 pictures success
2014-11-09 20:03:29,358 requests.packages.urllib3.connectionpool 188 INFO     Starting new HTTP connection (1): i11.topit.me
2014-11-09 20:03:32,890 __main__      63 INFO     Spidered 48 pictures success
2014-11-09 20:03:32,953 requests.packages.urllib3.connectionpool 188 INFO     Starting new HTTP connection (1): f11.topit.me
2014-11-09 20:03:33,953 __main__      63 INFO     Spidered 49 pictures success
2014-11-09 20:03:34,015 requests.packages.urllib3.connectionpool 188 INFO     Starting new HTTP connection (1): f11.topit.me
2014-11-09 20:03:34,140 __main__      63 INFO     Spidered 50 pictures success
2014-11-09 20:03:43,421 __main__      63 INFO     Spidered 51 pictures success
2014-11-09 20:03:43,467 __main__      63 INFO     Spidered 52 pictures success
2014-11-09 20:03:46,342 __main__      63 INFO     Spidered 53 pictures success
2014-11-09 20:03:46,358 __main__      63 INFO     Spidered 54 pictures success
